\BOOKMARK [1][-]{section.1}{\376\377\000I\000n\000t\000r\000o\000d\000u\000c\000t\000i\000o\000n}{}% 1
\BOOKMARK [1][-]{section.2}{\376\377\000O\000v\000e\000r\000a\000r\000c\000h\000i\000n\000g\000\040\000G\000o\000a\000l\000s\000\040\000a\000n\000d\000\040\000R\000a\000t\000i\000o\000n\000a\000l\000e}{}% 2
\BOOKMARK [2][-]{subsection.2.1}{\376\377\000S\000o\000m\000e\000\040\000I\000n\000v\000i\000o\000l\000a\000b\000l\000e\000\040\000C\000o\000m\000m\000a\000n\000d\000m\000e\000n\000t\000s}{section.2}% 3
\BOOKMARK [2][-]{subsection.2.2}{\376\377\000R\000e\000p\000l\000i\000c\000a\000b\000i\000l\000i\000t\000y}{section.2}% 4
\BOOKMARK [2][-]{subsection.2.3}{\376\377\000T\000r\000a\000n\000s\000f\000e\000r\000r\000a\000b\000i\000l\000i\000t\000y}{section.2}% 5
\BOOKMARK [2][-]{subsection.2.4}{\376\377\000A\000c\000c\000e\000s\000s\000i\000b\000i\000l\000i\000t\000y}{section.2}% 6
\BOOKMARK [1][-]{section.3}{\376\377\000E\000x\000p\000e\000c\000t\000a\000t\000i\000o\000n\000s\000\040\000a\000n\000d\000\040\000G\000u\000i\000d\000i\000n\000g\000\040\000P\000r\000i\000n\000c\000i\000p\000l\000e\000s}{}% 7
\BOOKMARK [1][-]{section.4}{\376\377\000N\000a\000m\000i\000n\000g\000\040\000f\000o\000l\000d\000e\000r\000s\000\040\000a\000n\000d\000\040\000f\000i\000l\000e\000s}{}% 8
\BOOKMARK [2][-]{subsection.4.1}{\376\377\000F\000o\000l\000d\000e\000r\000\040\000N\000a\000m\000i\000n\000g\000\040\000a\000n\000d\000\040\000S\000t\000r\000u\000c\000t\000u\000r\000e}{section.4}% 9
\BOOKMARK [3][-]{subsubsection.4.1.1}{\376\377\000C\000o\000m\000m\000o\000n\000\040\000s\000u\000b\000-\000f\000o\000l\000d\000e\000r\000s}{subsection.4.1}% 10
\BOOKMARK [3][-]{subsubsection.4.1.2}{\376\377\000W\000o\000r\000k\000i\000n\000g\000\040\000a\000c\000r\000o\000s\000s\000\040\000P\000r\000o\000j\000e\000c\000t\000\040\000Y\000e\000a\000r\000s}{subsection.4.1}% 11
\BOOKMARK [2][-]{subsection.4.2}{\376\377\000F\000i\000l\000e\000\040\000N\000a\000m\000i\000n\000g}{section.4}% 12
\BOOKMARK [3][-]{subsubsection.4.2.1}{\376\377\000S\000y\000n\000t\000a\000x\000\040\000f\000i\000l\000e\000\040\000n\000a\000m\000i\000n\000g}{subsection.4.2}% 13
\BOOKMARK [1][-]{section.5}{\376\377\000N\000a\000m\000i\000n\000g\000\040\000v\000a\000r\000i\000a\000b\000l\000e\000s\000,\000\040\000m\000a\000c\000r\000o\000s\000,\000\040\000a\000n\000d\000\040\000o\000t\000h\000e\000r\000\040\000c\000h\000a\000r\000a\000c\000t\000e\000r\000i\000s\000t\000i\000c\000s\000\040\000i\000n\000\040\000S\000t\000a\000t\000a\000\040\000d\000a\000t\000a\000s\000e\000t\000s}{}% 14
\BOOKMARK [1][-]{section.6}{\376\377\000G\000i\000b\000s\000o\000n\000'\000s\000\040\000c\000o\000m\000p\000u\000t\000i\000n\000g\000\040\000e\000n\000v\000i\000r\000o\000n\000m\000e\000n\000t\000\040\000a\000n\000d\000\040\000t\000o\000o\000l\000s}{}% 15
\BOOKMARK [2][-]{subsection.6.1}{\376\377\000A\000z\000u\000r\000e\000\040\000V\000i\000r\000t\000u\000a\000l\000\040\000M\000a\000c\000h\000i\000n\000e}{section.6}% 16
\BOOKMARK [2][-]{subsection.6.2}{\376\377\000E\000g\000n\000y\000t\000e}{section.6}% 17
\BOOKMARK [2][-]{subsection.6.3}{\376\377\000S\000h\000a\000r\000e\000p\000o\000i\000n\000t}{section.6}% 18
\BOOKMARK [2][-]{subsection.6.4}{\376\377\000Q\000u\000a\000l\000t\000r\000i\000c\000s}{section.6}% 19
\BOOKMARK [2][-]{subsection.6.5}{\376\377\000S\000i\000m\000p\000l\000e\000t\000e\000x\000t\000i\000n\000g}{section.6}% 20
\BOOKMARK [2][-]{subsection.6.6}{\376\377\000P\000y\000t\000h\000o\000n\000a\000n\000y\000w\000h\000e\000r\000e}{section.6}% 21
\BOOKMARK [2][-]{subsection.6.7}{\376\377\000S\000h\000i\000n\000y\000a\000p\000p\000s}{section.6}% 22
\BOOKMARK [2][-]{subsection.6.8}{\376\377\000g\000i\000b\000s\000o\000n\000s\000u\000r\000v\000e\000y\000s\000.\000c\000o\000m}{section.6}% 23
\BOOKMARK [2][-]{subsection.6.9}{\376\377\000A\000u\000t\000o\000h\000o\000t\000k\000e\000y}{section.6}% 24
\BOOKMARK [1][-]{section.7}{\376\377\000G\000i\000b\000s\000o\000n\000-\000r\000e\000s\000e\000a\000r\000c\000h\000e\000r\000\040\000w\000r\000i\000t\000t\000e\000n\000\040\000S\000t\000a\000t\000a\000\040\000p\000r\000o\000g\000r\000a\000m\000s}{}% 25
\BOOKMARK [2][-]{subsection.7.1}{\376\377\000p\000r\000e\000a\000m\000b\000l\000e\000.\000a\000d\000o}{section.7}% 26
\BOOKMARK [3][-]{subsubsection.7.1.1}{\376\377\000A\000u\000t\000h\000o\000r\000:\000\040\000D\000a\000n\000i\000a\000l\000\040\000H\000o\000e\000p\000f\000n\000e\000r}{subsection.7.1}% 27
\BOOKMARK [3][-]{subsubsection.7.1.2}{\376\377\000D\000e\000s\000c\000r\000i\000p\000t\000i\000o\000n}{subsection.7.1}% 28
\BOOKMARK [3][-]{subsubsection.7.1.3}{\376\377\000U\000s\000a\000g\000e\000\040\000a\000n\000d\000\040\000o\000p\000t\000i\000o\000n\000s}{subsection.7.1}% 29
\BOOKMARK [2][-]{subsection.7.2}{\376\377\000v\000a\000r\000c\000o\000u\000n\000t\000.\000a\000d\000o}{section.7}% 30
\BOOKMARK [3][-]{subsubsection.7.2.1}{\376\377\000A\000u\000t\000h\000o\000r\000:\000\040\000M\000a\000r\000s\000h\000a\000l\000l\000\040\000G\000a\000r\000l\000a\000n\000d}{subsection.7.2}% 31
\BOOKMARK [3][-]{subsubsection.7.2.2}{\376\377\000D\000e\000s\000c\000r\000i\000p\000t\000i\000o\000n}{subsection.7.2}% 32
\BOOKMARK [3][-]{subsubsection.7.2.3}{\376\377\000U\000s\000a\000g\000e\000\040\000a\000n\000d\000\040\000o\000p\000t\000i\000o\000n\000s}{subsection.7.2}% 33
\BOOKMARK [2][-]{subsection.7.3}{\376\377\000g\000r\000a\000p\000h\000s\000o\000u\000t\000.\000a\000d\000o}{section.7}% 34
\BOOKMARK [3][-]{subsubsection.7.3.1}{\376\377\000A\000u\000t\000h\000o\000r\000:\000\040\000M\000a\000r\000s\000h\000a\000l\000l\000\040\000G\000a\000r\000l\000a\000n\000d}{subsection.7.3}% 35
\BOOKMARK [3][-]{subsubsection.7.3.2}{\376\377\000D\000e\000s\000c\000r\000i\000p\000t\000i\000o\000n}{subsection.7.3}% 36
\BOOKMARK [3][-]{subsubsection.7.3.3}{\376\377\000U\000s\000a\000g\000e\000\040\000a\000n\000d\000\040\000o\000p\000t\000i\000o\000n\000s}{subsection.7.3}% 37
\BOOKMARK [2][-]{subsection.7.4}{\376\377\000q\000u\000a\000l\000t\000r\000i\000c\000s\000.\000a\000d\000o}{section.7}% 38
\BOOKMARK [3][-]{subsubsection.7.4.1}{\376\377\000A\000u\000t\000h\000o\000r\000:\000\040\000D\000a\000n\000i\000a\000l\000\040\000H\000o\000e\000p\000f\000n\000e\000r}{subsection.7.4}% 39
\BOOKMARK [3][-]{subsubsection.7.4.2}{\376\377\000D\000e\000s\000c\000r\000i\000p\000t\000i\000o\000n}{subsection.7.4}% 40
\BOOKMARK [3][-]{subsubsection.7.4.3}{\376\377\000U\000s\000a\000g\000e\000\040\000a\000n\000d\000\040\000o\000p\000t\000i\000o\000n\000s}{subsection.7.4}% 41
\BOOKMARK [2][-]{subsection.7.5}{\376\377\000g\000t\000a\000b\000.\000a\000d\000o}{section.7}% 42
\BOOKMARK [3][-]{subsubsection.7.5.1}{\376\377\000A\000u\000t\000h\000o\000r\000:\000\040\000D\000a\000n\000i\000a\000l\000\040\000H\000o\000e\000p\000f\000n\000e\000r}{subsection.7.5}% 43
\BOOKMARK [3][-]{subsubsection.7.5.2}{\376\377\000D\000e\000s\000c\000r\000i\000p\000t\000i\000o\000n}{subsection.7.5}% 44
\BOOKMARK [3][-]{subsubsection.7.5.3}{\376\377\000U\000s\000a\000g\000e\000\040\000a\000n\000d\000\040\000o\000p\000t\000i\000o\000n\000s}{subsection.7.5}% 45
\BOOKMARK [2][-]{subsection.7.6}{\376\377\000f\000m\000t\000e\000x\000l\000.\000a\000d\000o}{section.7}% 46
\BOOKMARK [3][-]{subsubsection.7.6.1}{\376\377\000A\000u\000t\000h\000o\000r\000:\000\040\000D\000a\000n\000i\000a\000l\000\040\000H\000o\000e\000p\000f\000n\000e\000r}{subsection.7.6}% 47
\BOOKMARK [3][-]{subsubsection.7.6.2}{\376\377\000D\000e\000s\000c\000r\000i\000p\000t\000i\000o\000n}{subsection.7.6}% 48
\BOOKMARK [3][-]{subsubsection.7.6.3}{\376\377\000U\000s\000a\000g\000e\000\040\000a\000n\000d\000\040\000o\000p\000t\000i\000o\000n\000s}{subsection.7.6}% 49
\BOOKMARK [2][-]{subsection.7.7}{\376\377\000a\000p\000c\000h\000x\000.\000a\000d\000o}{section.7}% 50
\BOOKMARK [3][-]{subsubsection.7.7.1}{\376\377\000A\000u\000t\000h\000o\000r\000:\000\040\000D\000a\000n\000i\000a\000l\000\040\000H\000o\000e\000p\000f\000n\000e\000r}{subsection.7.7}% 51
\BOOKMARK [3][-]{subsubsection.7.7.2}{\376\377\000D\000e\000s\000c\000r\000i\000p\000t\000i\000o\000n}{subsection.7.7}% 52
\BOOKMARK [3][-]{subsubsection.7.7.3}{\376\377\000U\000s\000a\000g\000e\000\040\000a\000n\000d\000\040\000o\000p\000t\000i\000o\000n\000s}{subsection.7.7}% 53
\BOOKMARK [2][-]{subsection.7.8}{\376\377\000c\000o\000n\000w\000i\000t\000h\000i\000n\000.\000a\000d\000o}{section.7}% 54
\BOOKMARK [3][-]{subsubsection.7.8.1}{\376\377\000A\000u\000t\000h\000o\000r\000:\000\040\000D\000a\000n\000i\000a\000l\000\040\000H\000o\000e\000p\000f\000n\000e\000r}{subsection.7.8}% 55
\BOOKMARK [3][-]{subsubsection.7.8.2}{\376\377\000D\000e\000s\000c\000r\000i\000p\000t\000i\000o\000n}{subsection.7.8}% 56
\BOOKMARK [3][-]{subsubsection.7.8.3}{\376\377\000U\000s\000a\000g\000e\000\040\000a\000n\000d\000\040\000o\000p\000t\000i\000o\000n\000s}{subsection.7.8}% 57
\BOOKMARK [2][-]{subsection.7.9}{\376\377\000e\000d\000r\000o\000p\000.\000a\000d\000o}{section.7}% 58
\BOOKMARK [3][-]{subsubsection.7.9.1}{\376\377\000A\000u\000t\000h\000o\000r\000:\000\040\000E\000r\000i\000c\000\040\000B\000o\000o\000t\000h}{subsection.7.9}% 59
\BOOKMARK [3][-]{subsubsection.7.9.2}{\376\377\000D\000e\000s\000c\000r\000i\000p\000t\000i\000o\000n}{subsection.7.9}% 60
\BOOKMARK [3][-]{subsubsection.7.9.3}{\376\377\000U\000s\000a\000g\000e\000\040\000a\000n\000d\000\040\000o\000p\000t\000i\000o\000n\000s}{subsection.7.9}% 61
\BOOKMARK [2][-]{subsection.7.10}{\376\377\000l\000a\000t\000e\000s\000t\000.\000a\000d\000o}{section.7}% 62
\BOOKMARK [3][-]{subsubsection.7.10.1}{\376\377\000A\000u\000t\000h\000o\000r\000:\000\040\000D\000a\000n\000i\000a\000l\000\040\000H\000o\000e\000p\000f\000n\000e\000r}{subsection.7.10}% 63
\BOOKMARK [3][-]{subsubsection.7.10.2}{\376\377\000D\000e\000s\000c\000r\000i\000p\000t\000i\000o\000n}{subsection.7.10}% 64
\BOOKMARK [3][-]{subsubsection.7.10.3}{\376\377\000U\000s\000a\000g\000e\000\040\000a\000n\000d\000\040\000o\000p\000t\000i\000o\000n\000s}{subsection.7.10}% 65
\BOOKMARK [2][-]{subsection.7.11}{\376\377\000c\000h\000a\000r\000\137\000f\000i\000n\000d\000e\000r\000.\000a\000d\000o}{section.7}% 66
\BOOKMARK [3][-]{subsubsection.7.11.1}{\376\377\000A\000u\000t\000h\000o\000r\000:\000\040\000D\000a\000n\000i\000a\000l\000\040\000H\000o\000e\000p\000f\000n\000e\000r}{subsection.7.11}% 67
\BOOKMARK [3][-]{subsubsection.7.11.2}{\376\377\000D\000e\000s\000c\000r\000i\000p\000t\000i\000o\000n}{subsection.7.11}% 68
\BOOKMARK [3][-]{subsubsection.7.11.3}{\376\377\000U\000s\000a\000g\000e\000\040\000a\000n\000d\000\040\000o\000p\000t\000i\000o\000n\000s}{subsection.7.11}% 69
\BOOKMARK [2][-]{subsection.7.12}{\376\377\000f\000i\000x\000t\000e\000x\000.\000a\000d\000o}{section.7}% 70
\BOOKMARK [3][-]{subsubsection.7.12.1}{\376\377\000A\000u\000t\000h\000o\000r\000:\000\040\000D\000a\000n\000i\000a\000l\000\040\000H\000o\000e\000p\000f\000n\000e\000r}{subsection.7.12}% 71
\BOOKMARK [3][-]{subsubsection.7.12.2}{\376\377\000D\000e\000s\000c\000r\000i\000p\000t\000i\000o\000n}{subsection.7.12}% 72
\BOOKMARK [3][-]{subsubsection.7.12.3}{\376\377\000U\000s\000a\000g\000e\000\040\000a\000n\000d\000\040\000o\000p\000t\000i\000o\000n\000s}{subsection.7.12}% 73
\BOOKMARK [2][-]{subsection.7.13}{\376\377\000t\000e\000x\000p\000d\000f\000.\000a\000d\000o}{section.7}% 74
\BOOKMARK [3][-]{subsubsection.7.13.1}{\376\377\000A\000u\000t\000h\000o\000r\000:\000\040\000D\000a\000n\000i\000a\000l\000\040\000H\000o\000e\000p\000f\000n\000e\000r}{subsection.7.13}% 75
\BOOKMARK [3][-]{subsubsection.7.13.2}{\376\377\000D\000e\000s\000c\000r\000i\000p\000t\000i\000o\000n}{subsection.7.13}% 76
\BOOKMARK [3][-]{subsubsection.7.13.3}{\376\377\000U\000s\000a\000g\000e\000\040\000a\000n\000d\000\040\000o\000p\000t\000i\000o\000n\000s}{subsection.7.13}% 77
\BOOKMARK [2][-]{subsection.7.14}{\376\377\000s\000y\000n\000t\000a\000x\000\137\000s\000a\000v\000e\000r\000.\000a\000d\000o}{section.7}% 78
\BOOKMARK [3][-]{subsubsection.7.14.1}{\376\377\000A\000u\000t\000h\000o\000r\000:\000\040\000D\000a\000n\000i\000a\000l\000\040\000H\000o\000e\000p\000f\000n\000e\000r}{subsection.7.14}% 79
\BOOKMARK [3][-]{subsubsection.7.14.2}{\376\377\000D\000e\000s\000c\000r\000i\000p\000t\000i\000o\000n}{subsection.7.14}% 80
\BOOKMARK [3][-]{subsubsection.7.14.3}{\376\377\000U\000s\000a\000g\000e\000\040\000a\000n\000d\000\040\000o\000p\000t\000i\000o\000n\000s}{subsection.7.14}% 81
\BOOKMARK [2][-]{subsection.7.15}{\376\377\000l\000a\000t\000o\000u\000t\000.\000a\000d\000o}{section.7}% 82
\BOOKMARK [3][-]{subsubsection.7.15.1}{\376\377\000A\000u\000t\000h\000o\000r\000:\000\040\000D\000a\000n\000i\000a\000l\000\040\000H\000o\000e\000p\000f\000n\000e\000r}{subsection.7.15}% 83
\BOOKMARK [3][-]{subsubsection.7.15.2}{\376\377\000D\000e\000s\000c\000r\000i\000p\000t\000i\000o\000n}{subsection.7.15}% 84
\BOOKMARK [3][-]{subsubsection.7.15.3}{\376\377\000U\000s\000a\000g\000e\000\040\000a\000n\000d\000\040\000o\000p\000t\000i\000o\000n\000s}{subsection.7.15}% 85
